15:02:36.661 [background-preinit] INFO  o.h.validator.internal.util.Version -  -  - HV000001: Hibernate Validator 6.1.7.Final
15:02:36.681 [main] INFO  c.s.t.s.s.m.SpaceMissionManagerApplication -  -  - Starting SpaceMissionManagerApplication using Java 17.0.1 on LAPTOP-NV2I4C8Q with PID 16360 (C:\Users\35196\Projetos\Java\spacemission-manager\target\classes started by Bruno in C:\Users\35196\Projetos\Java\spacemission-manager)
15:02:36.684 [main] INFO  c.s.t.s.s.m.SpaceMissionManagerApplication -  -  - No active profile set, falling back to default profiles: default
15:02:38.742 [main] INFO  o.s.d.r.c.RepositoryConfigurationDelegate -  -  - Bootstrapping Spring Data JPA repositories in DEFAULT mode.
15:02:38.984 [main] INFO  o.s.d.r.c.RepositoryConfigurationDelegate -  -  - Finished Spring Data repository scanning in 227 ms. Found 1 JPA repository interfaces.
15:02:40.370 [main] INFO  o.s.b.w.e.tomcat.TomcatWebServer -  -  - Tomcat initialized with port(s): 8080 (http)
15:02:40.406 [main] INFO  o.a.coyote.http11.Http11NioProtocol -  -  - Initializing ProtocolHandler ["http-nio-8080"]
15:02:40.416 [main] INFO  o.a.catalina.core.StandardService -  -  - Starting service [Tomcat]
15:02:40.419 [main] INFO  o.a.catalina.core.StandardEngine -  -  - Starting Servlet engine: [Apache Tomcat/9.0.45]
15:02:40.784 [main] INFO  o.a.c.c.C.[Tomcat].[localhost].[/] -  -  - Initializing Spring embedded WebApplicationContext
15:02:40.787 [main] INFO  o.s.b.w.s.c.ServletWebServerApplicationContext -  -  - Root WebApplicationContext: initialization completed in 4004 ms
15:02:41.083 [main] INFO  com.zaxxer.hikari.HikariDataSource -  -  - HikariPool-1 - Starting...
15:02:41.409 [main] INFO  com.zaxxer.hikari.HikariDataSource -  -  - HikariPool-1 - Start completed.
15:02:41.419 [main] INFO  o.s.b.a.h.H2ConsoleAutoConfiguration -  -  - H2 console available at '/h2-console'. Database available at 'jdbc:h2:mem:testdb'
15:02:42.061 [main] INFO  org.hibernate.Version -  -  - HHH000412: Hibernate ORM core version 5.4.30.Final
15:02:42.263 [main] INFO  o.h.annotations.common.Version -  -  - HCANN000001: Hibernate Commons Annotations {5.1.2.Final}
15:02:42.562 [main] INFO  org.hibernate.dialect.Dialect -  -  - HHH000400: Using dialect: org.hibernate.dialect.H2Dialect
15:02:43.644 [main] INFO  o.h.e.t.j.p.i.JtaPlatformInitiator -  -  - HHH000490: Using JtaPlatform implementation: [org.hibernate.engine.transaction.jta.platform.internal.NoJtaPlatform]
15:02:43.682 [main] INFO  o.s.o.j.LocalContainerEntityManagerFactoryBean -  -  - Initialized JPA EntityManagerFactory for persistence unit 'default'
15:02:44.768 [main] INFO  o.s.s.c.ThreadPoolTaskExecutor -  -  - Initializing ExecutorService 'applicationTaskExecutor'
15:02:46.717 [main] INFO  o.s.b.a.e.web.EndpointLinksResolver -  -  - Exposing 13 endpoint(s) beneath base path '/actuator'
15:02:46.773 [main] INFO  o.a.coyote.http11.Http11NioProtocol -  -  - Starting ProtocolHandler ["http-nio-8080"]
15:02:46.854 [main] INFO  o.s.b.w.e.tomcat.TomcatWebServer -  -  - Tomcat started on port(s): 8080 (http) with context path ''
15:02:47.729 [main] INFO  c.s.t.s.s.m.SpaceMissionManagerApplication -  -  - Started SpaceMissionManagerApplication in 11.664 seconds (JVM running for 12.381)
15:02:59.051 [http-nio-8080-exec-1] INFO  o.a.c.c.C.[Tomcat].[localhost].[/] -  -  - Initializing Spring DispatcherServlet 'dispatcherServlet'
15:02:59.052 [http-nio-8080-exec-1] INFO  o.s.web.servlet.DispatcherServlet -  -  - Initializing Servlet 'dispatcherServlet'
15:02:59.058 [http-nio-8080-exec-1] INFO  o.s.web.servlet.DispatcherServlet -  -  - Completed initialization in 5 ms
15:02:59.096 [http-nio-8080-exec-1] INFO  c.s.t.s.s.m.u.i.HttpLoggerInterceptor - 3aec3af8-486a-4da1-89b1-17fd885407d8 - Undefined - Received HTTP GET Request to / at 2021-12-22T15:02:59.096818400Z
15:02:59.151 [http-nio-8080-exec-1] INFO  c.s.t.s.s.m.u.i.HttpLoggerInterceptor - 3aec3af8-486a-4da1-89b1-17fd885407d8 - Undefined - Responded with Status 302 at 2021-12-22T15:02:59.151829600Z
15:02:59.151 [http-nio-8080-exec-1] INFO  c.s.t.s.s.m.u.i.HttpLoggerInterceptor - 3aec3af8-486a-4da1-89b1-17fd885407d8 - Undefined - Total processing time 54 ms
15:02:59.838 [http-nio-8080-exec-2] INFO  c.s.t.s.s.m.u.i.HttpLoggerInterceptor - b5de8556-f0ae-4dd8-b9a8-e7139ddf589d - Undefined - Received HTTP GET Request to /api-docs/swagger-config at 2021-12-22T15:02:59.838803Z
15:02:59.883 [http-nio-8080-exec-2] INFO  c.s.t.s.s.m.u.i.HttpLoggerInterceptor - b5de8556-f0ae-4dd8-b9a8-e7139ddf589d - Undefined - Responded with Status 200 at 2021-12-22T15:02:59.883800800Z
15:02:59.884 [http-nio-8080-exec-2] INFO  c.s.t.s.s.m.u.i.HttpLoggerInterceptor - b5de8556-f0ae-4dd8-b9a8-e7139ddf589d - Undefined - Total processing time 45 ms
15:02:59.930 [http-nio-8080-exec-3] INFO  c.s.t.s.s.m.u.i.HttpLoggerInterceptor - ad568968-f173-4c81-97c3-7091346b2765 - Undefined - Received HTTP GET Request to /api-docs at 2021-12-22T15:02:59.930802700Z
15:03:00.824 [http-nio-8080-exec-3] INFO  o.s.api.AbstractOpenApiResource - ad568968-f173-4c81-97c3-7091346b2765 - Undefined - Init duration for springdoc-openapi is: 871 ms
15:03:00.868 [http-nio-8080-exec-3] INFO  c.s.t.s.s.m.u.i.HttpLoggerInterceptor - ad568968-f173-4c81-97c3-7091346b2765 - Undefined - Responded with Status 200 at 2021-12-22T15:03:00.868801200Z
15:03:00.869 [http-nio-8080-exec-3] INFO  c.s.t.s.s.m.u.i.HttpLoggerInterceptor - ad568968-f173-4c81-97c3-7091346b2765 - Undefined - Total processing time 938 ms
